<?xml version="1.0" encoding="UTF-8"?>
<testsuite xmlns:xsi="http://www.w3.org/2001/XMLSchema-instance" xsi:noNamespaceSchemaLocation="https://maven.apache.org/surefire/maven-surefire-plugin/xsd/surefire-test-report.xsd" name="com.grupo12.ApplicationTests" time="3.86" tests="4" errors="1" skipped="0" failures="0">
  <properties>
[...]
</properties>
  <testcase name="calcTeste" classname="com.grupo12.ApplicationTests" time="0.56">
    <error message="Unresolved compilation problem: &#10;	Cannot make a static reference to the non-static method calculaDias(Locacao) from the type Servicos&#10;" type="java.lang.Error">java.lang.Error: 
Unresolved compilation problem: 
	Cannot make a static reference to the non-static method calculaDias(Locacao) from the type Servicos

	at com.grupo12.ApplicationTests.calcTeste(ApplicationTests.java:48)
</error>
    <system-out><![CDATA[13:30:25.399 [main] DEBUG org.springframework.test.context.BootstrapUtils - Instantiating CacheAwareContextLoaderDelegate from class [org.springframework.test.context.cache.DefaultCacheAwareContextLoaderDelegate]
13:30:25.420 [main] DEBUG org.springframework.test.context.BootstrapUtils - Instantiating BootstrapContext using constructor [public org.springframework.test.context.support.DefaultBootstrapContext(java.lang.Class,org.springframework.test.context.CacheAwareContextLoaderDelegate)]
13:30:25.480 [main] DEBUG org.springframework.test.context.BootstrapUtils - Instantiating TestContextBootstrapper for test class [com.grupo12.ApplicationTests] from class [org.springframework.boot.test.context.SpringBootTestContextBootstrapper]
13:30:25.504 [main] INFO org.springframework.boot.test.context.SpringBootTestContextBootstrapper - Neither @ContextConfiguration nor @ContextHierarchy found for test class [com.grupo12.ApplicationTests], using SpringBootContextLoader
13:30:25.512 [main] DEBUG org.springframework.test.context.support.AbstractContextLoader - Did not detect default resource location for test class [com.grupo12.ApplicationTests]: class path resource [com/grupo12/ApplicationTests-context.xml] does not exist
13:30:25.513 [main] DEBUG org.springframework.test.context.support.AbstractContextLoader - Did not detect default resource location for test class [com.grupo12.ApplicationTests]: class path resource [com/grupo12/ApplicationTestsContext.groovy] does not exist
13:30:25.514 [main] INFO org.springframework.test.context.support.AbstractContextLoader - Could not detect default resource locations for test class [com.grupo12.ApplicationTests]: no resource found for suffixes {-context.xml, Context.groovy}.
13:30:25.515 [main] INFO org.springframework.test.context.support.AnnotationConfigContextLoaderUtils - Could not detect default configuration classes for test class [com.grupo12.ApplicationTests]: ApplicationTests does not declare any static, non-private, non-final, nested classes annotated with @Configuration.
13:30:25.586 [main] DEBUG org.springframework.test.context.support.ActiveProfilesUtils - Could not find an 'annotation declaring class' for annotation type [org.springframework.test.context.ActiveProfiles] and class [com.grupo12.ApplicationTests]
13:30:25.709 [main] DEBUG org.springframework.context.annotation.ClassPathScanningCandidateComponentProvider - Identified candidate component class: file [C:\Users\leona\OneDrive - PUCRS - BR\Área de Trabalho\Faculdade\Tecnicas\Locadora\LocadoraV1semDB\LocadoraBackEnd\target\classes\com\grupo12\LocadoraApplication.class]
13:30:25.711 [main] INFO org.springframework.boot.test.context.SpringBootTestContextBootstrapper - Found @SpringBootConfiguration com.grupo12.LocadoraApplication for test class com.grupo12.ApplicationTests
13:30:25.889 [main] DEBUG org.springframework.boot.test.context.SpringBootTestContextBootstrapper - @TestExecutionListeners is not present for class [com.grupo12.ApplicationTests]: using defaults.
13:30:25.891 [main] INFO org.springframework.boot.test.context.SpringBootTestContextBootstrapper - Loaded default TestExecutionListener class names from location [META-INF/spring.factories]: [org.springframework.boot.test.mock.mockito.MockitoTestExecutionListener, org.springframework.boot.test.mock.mockito.ResetMocksTestExecutionListener, org.springframework.boot.test.autoconfigure.restdocs.RestDocsTestExecutionListener, org.springframework.boot.test.autoconfigure.web.client.MockRestServiceServerResetTestExecutionListener, org.springframework.boot.test.autoconfigure.web.servlet.MockMvcPrintOnlyOnFailureTestExecutionListener, org.springframework.boot.test.autoconfigure.web.servlet.WebDriverTestExecutionListener, org.springframework.boot.test.autoconfigure.webservices.client.MockWebServiceServerTestExecutionListener, org.springframework.test.context.web.ServletTestExecutionListener, org.springframework.test.context.support.DirtiesContextBeforeModesTestExecutionListener, org.springframework.test.context.support.DependencyInjectionTestExecutionListener, org.springframework.test.context.support.DirtiesContextTestExecutionListener, org.springframework.test.context.transaction.TransactionalTestExecutionListener, org.springframework.test.context.jdbc.SqlScriptsTestExecutionListener, org.springframework.test.context.event.EventPublishingTestExecutionListener]
13:30:25.907 [main] DEBUG org.springframework.boot.test.context.SpringBootTestContextBootstrapper - Skipping candidate TestExecutionListener [org.springframework.test.context.transaction.TransactionalTestExecutionListener] due to a missing dependency. Specify custom listener classes or make the default listener classes and their required dependencies available. Offending class: [org/springframework/transaction/interceptor/TransactionAttributeSource]
13:30:25.909 [main] DEBUG org.springframework.boot.test.context.SpringBootTestContextBootstrapper - Skipping candidate TestExecutionListener [org.springframework.test.context.jdbc.SqlScriptsTestExecutionListener] due to a missing dependency. Specify custom listener classes or make the default listener classes and their required dependencies available. Offending class: [org/springframework/transaction/interceptor/TransactionAttribute]
13:30:25.909 [main] INFO org.springframework.boot.test.context.SpringBootTestContextBootstrapper - Using TestExecutionListeners: [org.springframework.test.context.web.ServletTestExecutionListener@5717c37, org.springframework.test.context.support.DirtiesContextBeforeModesTestExecutionListener@68f4865, org.springframework.boot.test.mock.mockito.MockitoTestExecutionListener@4816278d, org.springframework.boot.test.autoconfigure.SpringBootDependencyInjectionTestExecutionListener@4eaf3684, org.springframework.test.context.support.DirtiesContextTestExecutionListener@40317ba2, org.springframework.test.context.event.EventPublishingTestExecutionListener@3c01cfa1, org.springframework.boot.test.mock.mockito.ResetMocksTestExecutionListener@45d2ade3, org.springframework.boot.test.autoconfigure.restdocs.RestDocsTestExecutionListener@727eb8cb, org.springframework.boot.test.autoconfigure.web.client.MockRestServiceServerResetTestExecutionListener@39d9314d, org.springframework.boot.test.autoconfigure.web.servlet.MockMvcPrintOnlyOnFailureTestExecutionListener@b978d10, org.springframework.boot.test.autoconfigure.web.servlet.WebDriverTestExecutionListener@5b7a8434, org.springframework.boot.test.autoconfigure.webservices.client.MockWebServiceServerTestExecutionListener@5c45d770]
13:30:25.914 [main] DEBUG org.springframework.test.context.support.AbstractDirtiesContextTestExecutionListener - Before test class: context [DefaultTestContext@332729ad testClass = ApplicationTests, testInstance = [null], testMethod = [null], testException = [null], mergedContextConfiguration = [WebMergedContextConfiguration@75d2da2d testClass = ApplicationTests, locations = '{}', classes = '{class com.grupo12.LocadoraApplication}', contextInitializerClasses = '[]', activeProfiles = '{}', propertySourceLocations = '{}', propertySourceProperties = '{org.springframework.boot.test.context.SpringBootTestContextBootstrapper=true}', contextCustomizers = set[org.springframework.boot.test.context.filter.ExcludeFilterContextCustomizer@40cb8df7, org.springframework.boot.test.json.DuplicateJsonObjectContextCustomizerFactory$DuplicateJsonObjectContextCustomizer@355ce81c, org.springframework.boot.test.mock.mockito.MockitoContextCustomizer@0, org.springframework.boot.test.web.client.TestRestTemplateContextCustomizer@73ee04c8, org.springframework.boot.test.autoconfigure.properties.PropertyMappingContextCustomizer@0, org.springframework.boot.test.autoconfigure.web.servlet.WebDriverContextCustomizerFactory$Customizer@625732, org.springframework.boot.test.context.SpringBootTestArgs@1], resourceBasePath = 'src/main/webapp', contextLoader = 'org.springframework.boot.test.context.SpringBootContextLoader', parent = [null]], attributes = map['org.springframework.test.context.web.ServletTestExecutionListener.activateListener' -> true]], class annotated with @DirtiesContext [false] with mode [null].
13:30:25.959 [main] DEBUG org.springframework.test.context.support.TestPropertySourceUtils - Adding inlined properties to environment: {spring.jmx.enabled=false, org.springframework.boot.test.context.SpringBootTestContextBootstrapper=true}

  .   ____          _            __ _ _
 /\\ / ___'_ __ _ _(_)_ __  __ _ \ \ \ \
( ( )\___ | '_ | '_| | '_ \/ _` | \ \ \ \
 \\/  ___)| |_)| | | | | || (_| |  ) ) ) )
  '  |____| .__|_| |_|_| |_\__, | / / / /
 =========|_|==============|___/=/_/_/_/
 :: Spring Boot ::        (v2.3.3.RELEASE)

2020-11-30 13:30:26.375  INFO 11936 --- [           main] com.grupo12.ApplicationTests             : Starting ApplicationTests on Leonardo with PID 11936 (started by leona in C:\Users\leona\OneDrive - PUCRS - BR\Área de Trabalho\Faculdade\Tecnicas\Locadora\LocadoraV1semDB\LocadoraBackEnd)
2020-11-30 13:30:26.376  INFO 11936 --- [           main] com.grupo12.ApplicationTests             : No active profile set, falling back to default profiles: default
2020-11-30 13:30:28.111  INFO 11936 --- [           main] o.s.s.concurrent.ThreadPoolTaskExecutor  : Initializing ExecutorService 'applicationTaskExecutor'
2020-11-30 13:30:28.523  INFO 11936 --- [           main] com.grupo12.ApplicationTests             : Started ApplicationTests in 2.55 seconds (JVM running for 3.932)
]]></system-out>
  </testcase>
  <testcase name="descontoNormalTeste" classname="com.grupo12.ApplicationTests" time="0.01"/>
  <testcase name="servicoTeste" classname="com.grupo12.ApplicationTests" time="0.004"/>
  <testcase name="descontoTeste" classname="com.grupo12.ApplicationTests" time="0.006"/>
</testsuite>